# JRE version: Java(TM) SE Runtime Environment (8.0_251-b08) (build 1.8.0_251-b08)
# Java VM: Java HotSpot(TM) 64-Bit Server VM (25.251-b08 mixed mode bsd-amd64 compressed oops)
Heap:
 PSYoungGen      total 38400K, used 13140K [0x0000000795580000, 0x0000000798000000, 0x00000007c0000000)
  eden space 33280K, 24% used [0x0000000795580000,0x0000000795d5b908,0x0000000797600000)
  from space 5120K, 99% used [0x0000000797b00000,0x0000000797ff9898,0x0000000798000000)
  to   space 5120K, 0% used [0x0000000797600000,0x0000000797600000,0x0000000797b00000)
 ParOldGen       total 56320K, used 23276K [0x0000000740000000, 0x0000000743700000, 0x0000000795580000)
  object space 56320K, 41% used [0x0000000740000000,0x00000007416bb380,0x0000000743700000)
 Metaspace       used 32307K, capacity 33434K, committed 33712K, reserved 1079296K
  class space    used 4240K, capacity 4507K, committed 4528K, reserved 1048576K
GC Heap History (10 events):
Event: 2.144 GC heap before
{Heap before GC invocations=1 (full 0):
 PSYoungGen      total 38400K, used 33280K [0x0000000795580000, 0x0000000798000000, 0x00000007c0000000)
  eden space 33280K, 100% used [0x0000000795580000,0x0000000797600000,0x0000000797600000)
  from space 5120K, 0% used [0x0000000797b00000,0x0000000797b00000,0x0000000798000000)
  to   space 5120K, 0% used [0x0000000797600000,0x0000000797600000,0x0000000797b00000)
 ParOldGen       total 87552K, used 0K [0x0000000740000000, 0x0000000745580000, 0x0000000795580000)
  object space 87552K, 0% used [0x0000000740000000,0x0000000740000000,0x0000000745580000)
 Metaspace       used 14864K, capacity 15474K, committed 15744K, reserved 1062912K
  class space    used 2207K, capacity 2395K, committed 2432K, reserved 1048576K
Event: 2.151 GC heap after
Heap after GC invocations=1 (full 0):
 PSYoungGen      total 38400K, used 4760K [0x0000000795580000, 0x0000000798000000, 0x00000007c0000000)
  eden space 33280K, 0% used [0x0000000795580000,0x0000000795580000,0x0000000797600000)
  from space 5120K, 92% used [0x0000000797600000,0x0000000797aa6360,0x0000000797b00000)
  to   space 5120K, 0% used [0x0000000797b00000,0x0000000797b00000,0x0000000798000000)
 ParOldGen       total 87552K, used 80K [0x0000000740000000, 0x0000000745580000, 0x0000000795580000)
  object space 87552K, 0% used [0x0000000740000000,0x0000000740014010,0x0000000745580000)
 Metaspace       used 14864K, capacity 15474K, committed 15744K, reserved 1062912K
  class space    used 2207K, capacity 2395K, committed 2432K, reserved 1048576K
}
Event: 11.253 GC heap before
{Heap before GC invocations=2 (full 0):
 PSYoungGen      total 38400K, used 25898K [0x0000000795580000, 0x0000000798000000, 0x00000007c0000000)
  eden space 33280K, 63% used [0x0000000795580000,0x0000000796a24850,0x0000000797600000)
  from space 5120K, 92% used [0x0000000797600000,0x0000000797aa6360,0x0000000797b00000)
  to   space 5120K, 0% used [0x0000000797b00000,0x0000000797b00000,0x0000000798000000)
 ParOldGen       total 87552K, used 80K [0x0000000740000000, 0x0000000745580000, 0x0000000795580000)
  object space 87552K, 0% used [0x0000000740000000,0x0000000740014010,0x0000000745580000)
 Metaspace       used 20437K, capacity 21160K, committed 21296K, reserved 1067008K
  class space    used 2871K, capacity 3078K, committed 3120K, reserved 1048576K
Event: 11.266 GC heap after
Heap after GC invocations=2 (full 0):
 PSYoungGen      total 38400K, used 5099K [0x0000000795580000, 0x0000000798000000, 0x00000007c0000000)
  eden space 33280K, 0% used [0x0000000795580000,0x0000000795580000,0x0000000797600000)
  from space 5120K, 99% used [0x0000000797b00000,0x0000000797ffadd0,0x0000000798000000)
  to   space 5120K, 0% used [0x0000000797600000,0x0000000797600000,0x0000000797b00000)
 ParOldGen       total 87552K, used 8791K [0x0000000740000000, 0x0000000745580000, 0x0000000795580000)
  object space 87552K, 10% used [0x0000000740000000,0x0000000740895ec8,0x0000000745580000)
 Metaspace       used 20437K, capacity 21160K, committed 21296K, reserved 1067008K
  class space    used 2871K, capacity 3078K, committed 3120K, reserved 1048576K
}
Event: 11.266 GC heap before
{Heap before GC invocations=3 (full 1):
 PSYoungGen      total 38400K, used 5099K [0x0000000795580000, 0x0000000798000000, 0x00000007c0000000)
  eden space 33280K, 0% used [0x0000000795580000,0x0000000795580000,0x0000000797600000)
  from space 5120K, 99% used [0x0000000797b00000,0x0000000797ffadd0,0x0000000798000000)
  to   space 5120K, 0% used [0x0000000797600000,0x0000000797600000,0x0000000797b00000)
 ParOldGen       total 87552K, used 8791K [0x0000000740000000, 0x0000000745580000, 0x0000000795580000)
  object space 87552K, 10% used [0x0000000740000000,0x0000000740895ec8,0x0000000745580000)
 Metaspace       used 20437K, capacity 21160K, committed 21296K, reserved 1067008K
  class space    used 2871K, capacity 3078K, committed 3120K, reserved 1048576K
Event: 11.299 GC heap after
Heap after GC invocations=3 (full 1):
 PSYoungGen      total 38400K, used 0K [0x0000000795580000, 0x0000000798000000, 0x00000007c0000000)
  eden space 33280K, 0% used [0x0000000795580000,0x0000000795580000,0x0000000797600000)
  from space 5120K, 0% used [0x0000000797b00000,0x0000000797b00000,0x0000000798000000)
  to   space 5120K, 0% used [0x0000000797600000,0x0000000797600000,0x0000000797b00000)
 ParOldGen       total 56320K, used 11780K [0x0000000740000000, 0x0000000743700000, 0x0000000795580000)
  object space 56320K, 20% used [0x0000000740000000,0x0000000740b81360,0x0000000743700000)
 Metaspace       used 20437K, capacity 21160K, committed 21296K, reserved 1067008K
  class space    used 2871K, capacity 3078K, committed 3120K, reserved 1048576K
}
Event: 14.459 GC heap before
{Heap before GC invocations=4 (full 1):
 PSYoungGen      total 38400K, used 33280K [0x0000000795580000, 0x0000000798000000, 0x00000007c0000000)
  eden space 33280K, 100% used [0x0000000795580000,0x0000000797600000,0x0000000797600000)
  from space 5120K, 0% used [0x0000000797b00000,0x0000000797b00000,0x0000000798000000)
  to   space 5120K, 0% used [0x0000000797600000,0x0000000797600000,0x0000000797b00000)
 ParOldGen       total 56320K, used 11780K [0x0000000740000000, 0x0000000743700000, 0x0000000795580000)
  object space 56320K, 20% used [0x0000000740000000,0x0000000740b81360,0x0000000743700000)
 Metaspace       used 24988K, capacity 25824K, committed 25904K, reserved 1071104K
  class space    used 3381K, capacity 3572K, committed 3632K, reserved 1048576K
Event: 14.469 GC heap after
Heap after GC invocations=4 (full 1):
 PSYoungGen      total 38400K, used 5104K [0x0000000795580000, 0x0000000798000000, 0x00000007c0000000)
  eden space 33280K, 0% used [0x0000000795580000,0x0000000795580000,0x0000000797600000)
  from space 5120K, 99% used [0x0000000797600000,0x0000000797afc020,0x0000000797b00000)
  to   space 5120K, 0% used [0x0000000797b00000,0x0000000797b00000,0x0000000798000000)
 ParOldGen       total 56320K, used 13140K [0x0000000740000000, 0x0000000743700000, 0x0000000795580000)
  object space 56320K, 23% used [0x0000000740000000,0x0000000740cd5210,0x0000000743700000)
 Metaspace       used 24988K, capacity 25824K, committed 25904K, reserved 1071104K
  class space    used 3381K, capacity 3572K, committed 3632K, reserved 1048576K
}
Event: 29.571 GC heap before
{Heap before GC invocations=5 (full 1):
 PSYoungGen      total 38400K, used 38384K [0x0000000795580000, 0x0000000798000000, 0x00000007c0000000)
  eden space 33280K, 100% used [0x0000000795580000,0x0000000797600000,0x0000000797600000)
  from space 5120K, 99% used [0x0000000797600000,0x0000000797afc020,0x0000000797b00000)
  to   space 5120K, 0% used [0x0000000797b00000,0x0000000797b00000,0x0000000798000000)
 ParOldGen       total 56320K, used 13140K [0x0000000740000000, 0x0000000743700000, 0x0000000795580000)
  object space 56320K, 23% used [0x0000000740000000,0x0000000740cd5210,0x0000000743700000)
 Metaspace       used 28224K, capacity 29164K, committed 29232K, reserved 1075200K
  class space    used 3644K, capacity 3864K, committed 3888K, reserved 1048576K
Event: 29.582 GC heap after
Heap after GC invocations=5 (full 1):
 PSYoungGen      total 38400K, used 5094K [0x0000000795580000, 0x0000000798000000, 0x00000007c0000000)
  eden space 33280K, 0% used [0x0000000795580000,0x0000000795580000,0x0000000797600000)
  from space 5120K, 99% used [0x0000000797b00000,0x0000000797ff9898,0x0000000798000000)
  to   space 5120K, 0% used [0x0000000797600000,0x0000000797600000,0x0000000797b00000)
 ParOldGen       total 56320K, used 23276K [0x0000000740000000, 0x0000000743700000, 0x0000000795580000)
  object space 56320K, 41% used [0x0000000740000000,0x00000007416bb380,0x0000000743700000)
 Metaspace       used 28224K, capacity 29164K, committed 29232K, reserved 1075200K
  class space    used 3644K, capacity 3864K, committed 3888K, reserved 1048576K
}

