# JRE version: Java(TM) SE Runtime Environment (8.0_251-b08) (build 1.8.0_251-b08)
# Java VM: Java HotSpot(TM) 64-Bit Server VM (25.251-b08 mixed mode bsd-amd64 compressed oops)
Heap:
 PSYoungGen      total 38400K, used 29457K [0x0000000795580000, 0x0000000798000000, 0x00000007c0000000)
  eden space 33280K, 73% used [0x0000000795580000,0x0000000796d4c388,0x0000000797600000)
  from space 5120K, 99% used [0x0000000797600000,0x0000000797af8280,0x0000000797b00000)
  to   space 5120K, 0% used [0x0000000797b00000,0x0000000797b00000,0x0000000798000000)
 ParOldGen       total 55296K, used 12968K [0x0000000740000000, 0x0000000743600000, 0x0000000795580000)
  object space 55296K, 23% used [0x0000000740000000,0x0000000740caa3e0,0x0000000743600000)
 Metaspace       used 31119K, capacity 32174K, committed 32256K, reserved 1077248K
  class space    used 4080K, capacity 4337K, committed 4352K, reserved 1048576K
GC Heap History (8 events):
Event: 2.150 GC heap before
{Heap before GC invocations=1 (full 0):
 PSYoungGen      total 38400K, used 33280K [0x0000000795580000, 0x0000000798000000, 0x00000007c0000000)
  eden space 33280K, 100% used [0x0000000795580000,0x0000000797600000,0x0000000797600000)
  from space 5120K, 0% used [0x0000000797b00000,0x0000000797b00000,0x0000000798000000)
  to   space 5120K, 0% used [0x0000000797600000,0x0000000797600000,0x0000000797b00000)
 ParOldGen       total 87552K, used 0K [0x0000000740000000, 0x0000000745580000, 0x0000000795580000)
  object space 87552K, 0% used [0x0000000740000000,0x0000000740000000,0x0000000745580000)
 Metaspace       used 14847K, capacity 15418K, committed 15488K, reserved 1062912K
  class space    used 2207K, capacity 2395K, committed 2432K, reserved 1048576K
Event: 2.158 GC heap after
Heap after GC invocations=1 (full 0):
 PSYoungGen      total 38400K, used 4712K [0x0000000795580000, 0x0000000798000000, 0x00000007c0000000)
  eden space 33280K, 0% used [0x0000000795580000,0x0000000795580000,0x0000000797600000)
  from space 5120K, 92% used [0x0000000797600000,0x0000000797a9a330,0x0000000797b00000)
  to   space 5120K, 0% used [0x0000000797b00000,0x0000000797b00000,0x0000000798000000)
 ParOldGen       total 87552K, used 80K [0x0000000740000000, 0x0000000745580000, 0x0000000795580000)
  object space 87552K, 0% used [0x0000000740000000,0x0000000740014010,0x0000000745580000)
 Metaspace       used 14847K, capacity 15418K, committed 15488K, reserved 1062912K
  class space    used 2207K, capacity 2395K, committed 2432K, reserved 1048576K
}
Event: 12.686 GC heap before
{Heap before GC invocations=2 (full 0):
 PSYoungGen      total 38400K, used 24828K [0x0000000795580000, 0x0000000798000000, 0x00000007c0000000)
  eden space 33280K, 60% used [0x0000000795580000,0x0000000796924dc8,0x0000000797600000)
  from space 5120K, 92% used [0x0000000797600000,0x0000000797a9a330,0x0000000797b00000)
  to   space 5120K, 0% used [0x0000000797b00000,0x0000000797b00000,0x0000000798000000)
 ParOldGen       total 87552K, used 80K [0x0000000740000000, 0x0000000745580000, 0x0000000795580000)
  object space 87552K, 0% used [0x0000000740000000,0x0000000740014010,0x0000000745580000)
 Metaspace       used 20424K, capacity 21134K, committed 21248K, reserved 1067008K
  class space    used 2848K, capacity 3047K, committed 3072K, reserved 1048576K
Event: 12.698 GC heap after
Heap after GC invocations=2 (full 0):
 PSYoungGen      total 38400K, used 5115K [0x0000000795580000, 0x0000000798000000, 0x00000007c0000000)
  eden space 33280K, 0% used [0x0000000795580000,0x0000000795580000,0x0000000797600000)
  from space 5120K, 99% used [0x0000000797b00000,0x0000000797ffee00,0x0000000798000000)
  to   space 5120K, 0% used [0x0000000797600000,0x0000000797600000,0x0000000797b00000)
 ParOldGen       total 87552K, used 8481K [0x0000000740000000, 0x0000000745580000, 0x0000000795580000)
  object space 87552K, 9% used [0x0000000740000000,0x0000000740848738,0x0000000745580000)
 Metaspace       used 20424K, capacity 21134K, committed 21248K, reserved 1067008K
  class space    used 2848K, capacity 3047K, committed 3072K, reserved 1048576K
}
Event: 12.698 GC heap before
{Heap before GC invocations=3 (full 1):
 PSYoungGen      total 38400K, used 5115K [0x0000000795580000, 0x0000000798000000, 0x00000007c0000000)
  eden space 33280K, 0% used [0x0000000795580000,0x0000000795580000,0x0000000797600000)
  from space 5120K, 99% used [0x0000000797b00000,0x0000000797ffee00,0x0000000798000000)
  to   space 5120K, 0% used [0x0000000797600000,0x0000000797600000,0x0000000797b00000)
 ParOldGen       total 87552K, used 8481K [0x0000000740000000, 0x0000000745580000, 0x0000000795580000)
  object space 87552K, 9% used [0x0000000740000000,0x0000000740848738,0x0000000745580000)
 Metaspace       used 20424K, capacity 21134K, committed 21248K, reserved 1067008K
  class space    used 2848K, capacity 3047K, committed 3072K, reserved 1048576K
Event: 12.729 GC heap after
Heap after GC invocations=3 (full 1):
 PSYoungGen      total 38400K, used 0K [0x0000000795580000, 0x0000000798000000, 0x00000007c0000000)
  eden space 33280K, 0% used [0x0000000795580000,0x0000000795580000,0x0000000797600000)
  from space 5120K, 0% used [0x0000000797b00000,0x0000000797b00000,0x0000000798000000)
  to   space 5120K, 0% used [0x0000000797600000,0x0000000797600000,0x0000000797b00000)
 ParOldGen       total 55296K, used 11460K [0x0000000740000000, 0x0000000743600000, 0x0000000795580000)
  object space 55296K, 20% used [0x0000000740000000,0x0000000740b31080,0x0000000743600000)
 Metaspace       used 20424K, capacity 21134K, committed 21248K, reserved 1067008K
  class space    used 2848K, capacity 3047K, committed 3072K, reserved 1048576K
}
Event: 15.039 GC heap before
{Heap before GC invocations=4 (full 1):
 PSYoungGen      total 38400K, used 33280K [0x0000000795580000, 0x0000000798000000, 0x00000007c0000000)
  eden space 33280K, 100% used [0x0000000795580000,0x0000000797600000,0x0000000797600000)
  from space 5120K, 0% used [0x0000000797b00000,0x0000000797b00000,0x0000000798000000)
  to   space 5120K, 0% used [0x0000000797600000,0x0000000797600000,0x0000000797b00000)
 ParOldGen       total 55296K, used 11460K [0x0000000740000000, 0x0000000743600000, 0x0000000795580000)
  object space 55296K, 20% used [0x0000000740000000,0x0000000740b31080,0x0000000743600000)
 Metaspace       used 25007K, capacity 25824K, committed 25856K, reserved 1071104K
  class space    used 3376K, capacity 3572K, committed 3584K, reserved 1048576K
Event: 15.045 GC heap after
Heap after GC invocations=4 (full 1):
 PSYoungGen      total 38400K, used 5088K [0x0000000795580000, 0x0000000798000000, 0x00000007c0000000)
  eden space 33280K, 0% used [0x0000000795580000,0x0000000795580000,0x0000000797600000)
  from space 5120K, 99% used [0x0000000797600000,0x0000000797af8280,0x0000000797b00000)
  to   space 5120K, 0% used [0x0000000797b00000,0x0000000797b00000,0x0000000798000000)
 ParOldGen       total 55296K, used 12968K [0x0000000740000000, 0x0000000743600000, 0x0000000795580000)
  object space 55296K, 23% used [0x0000000740000000,0x0000000740caa3e0,0x0000000743600000)
 Metaspace       used 25007K, capacity 25824K, committed 25856K, reserved 1071104K
  class space    used 3376K, capacity 3572K, committed 3584K, reserved 1048576K
}

